<?xml version="1.0" encoding="UTF-8"?>
<!-- Generated by org.testng.reporters.JUnitReportReporter -->
<testsuite hostname="DESKTOP-1Q7B79B" failures="0" tests="1" name="com.poferries.freight.AutomationFramework.web.runner.RunTestNGTest" time="219.625" errors="0" timestamp="2023-12-20T17:00:13 IST" skipped="0">
  <testcase classname="com.poferries.freight.AutomationFramework.web.runner.RunTestNGTest" name="feature" time="219.625"/>
  <system-out/>
</testsuite> <!-- com.poferries.freight.AutomationFramework.web.runner.RunTestNGTest -->
